<?xml version="1.0" encoding="UTF-8"?>
<testng-results skipped="0" failed="0" total="1" passed="1">
  <reporter-output>
  </reporter-output>
  <suite name="com.clearTrip.tests.searchResultTest" duration-ms="73067" started-at="2019-07-22T19:17:18Z" finished-at="2019-07-22T19:18:31Z">
    <groups>
    </groups>
    <test name="Command line test" duration-ms="73067" started-at="2019-07-22T19:17:18Z" finished-at="2019-07-22T19:18:31Z">
      <class name="com.clearTrip.tests.searchResultTest">
        <test-method status="PASS" signature="beforeClass()[pri:0, instance:com.clearTrip.tests.searchResultTest@396a51ab]" name="beforeClass" is-config="true" duration-ms="30604" started-at="2019-07-22T12:17:18Z" finished-at="2019-07-22T12:17:49Z">
          <reporter-output>
          </reporter-output>
        </test-method> <!-- beforeClass -->
        <test-method status="PASS" signature="f()[pri:0, instance:com.clearTrip.tests.searchResultTest@396a51ab]" name="f" duration-ms="42439" started-at="2019-07-22T12:17:49Z" finished-at="2019-07-22T12:18:31Z">
          <reporter-output>
          </reporter-output>
        </test-method> <!-- f -->
        <test-method status="PASS" signature="afterClass()[pri:0, instance:com.clearTrip.tests.searchResultTest@396a51ab]" name="afterClass" is-config="true" duration-ms="1" started-at="2019-07-22T12:18:31Z" finished-at="2019-07-22T12:18:31Z">
          <reporter-output>
          </reporter-output>
        </test-method> <!-- afterClass -->
      </class> <!-- com.clearTrip.tests.searchResultTest -->
    </test> <!-- Command line test -->
  </suite> <!-- com.clearTrip.tests.searchResultTest -->
</testng-results>
