<?xml version="1.0" encoding="UTF-8"?>
<testng-results skipped="0" failed="0" total="1" passed="1">
  <reporter-output>
  </reporter-output>
  <suite name="Default suite" duration-ms="65947" started-at="2019-07-22T18:31:49Z" finished-at="2019-07-22T18:32:55Z">
    <groups>
    </groups>
    <test name="Default test" duration-ms="65947" started-at="2019-07-22T18:31:49Z" finished-at="2019-07-22T18:32:55Z">
      <class name="com.clearTrip.tests.testHomePage">
        <test-method status="PASS" signature="beforeClass()[pri:0, instance:com.clearTrip.tests.testHomePage@5025a98f]" name="beforeClass" is-config="true" duration-ms="31712" started-at="2019-07-22T11:31:49Z" finished-at="2019-07-22T11:32:21Z">
          <reporter-output>
          </reporter-output>
        </test-method> <!-- beforeClass -->
        <test-method status="PASS" signature="flightBook()[pri:0, instance:com.clearTrip.tests.testHomePage@5025a98f]" name="flightBook" duration-ms="34159" started-at="2019-07-22T11:32:21Z" finished-at="2019-07-22T11:32:55Z">
          <reporter-output>
          </reporter-output>
        </test-method> <!-- flightBook -->
        <test-method status="PASS" signature="afterClass()[pri:0, instance:com.clearTrip.tests.testHomePage@5025a98f]" name="afterClass" is-config="true" duration-ms="0" started-at="2019-07-22T11:32:55Z" finished-at="2019-07-22T11:32:55Z">
          <reporter-output>
          </reporter-output>
        </test-method> <!-- afterClass -->
      </class> <!-- com.clearTrip.tests.testHomePage -->
    </test> <!-- Default test -->
  </suite> <!-- Default suite -->
</testng-results>
